Using pre-set license
Built from '2020.3/release' branch; Version is '2020.3.12f1 (b3b2c6512326) revision 11776710'; Using compiler version '192528614'; Build Type 'Release'
OS: 'Windows 10 Home; OS build 19043.1237; Version 2009; 64bit' Language: 'ko' Physical Memory: 16326 MB
BatchMode: 1, IsHumanControllingUs: 0, StartBugReporterOnCrash: 0, Is64bit: 1, IsPro: 0

 COMMAND LINE ARGUMENTS:
C:\Program Files\Unity\Hub\Editor\2020.3.12f1\Editor\Unity.exe
-adb2
-batchMode
-noUpm
-name
AssetImportWorker0
-projectPath
C:/Hunter
-logFile
Logs/AssetImportWorker0.log
-srvPort
13864
Successfully changed project path to: C:/Hunter
C:/Hunter
Using Asset Import Pipeline V2.
Refreshing native plugins compatible for Editor in 32.45 ms, found 2 plugins.
Preloading 0 native plugins for Editor in 0.00 ms.
Initialize engine version: 2020.3.12f1 (b3b2c6512326)
[Subsystems] Discovering subsystems at path C:/Program Files/Unity/Hub/Editor/2020.3.12f1/Editor/Data/Resources/UnitySubsystems
[Subsystems] Discovering subsystems at path C:/Hunter/Assets
GfxDevice: creating device client; threaded=0
Direct3D:
    Version:  Direct3D 11.0 [level 11.1]
    Renderer: NVIDIA GeForce GTX 1660 Ti (ID=0x2182)
    Vendor:   
    VRAM:     5991 MB
    Driver:   30.0.14.7196
Initialize mono
Mono path[0] = 'C:/Program Files/Unity/Hub/Editor/2020.3.12f1/Editor/Data/Managed'
Mono path[1] = 'C:/Program Files/Unity/Hub/Editor/2020.3.12f1/Editor/Data/MonoBleedingEdge/lib/mono/unityjit'
Mono config path = 'C:/Program Files/Unity/Hub/Editor/2020.3.12f1/Editor/Data/MonoBleedingEdge/etc'
Using monoOptions --debugger-agent=transport=dt_socket,embedding=1,server=y,suspend=n,address=127.0.0.1:56368
Begin MonoManager ReloadAssembly
Registering precompiled unity dll's ...
Register platform support module: C:/Program Files/Unity/Hub/Editor/2020.3.12f1/Editor/Data/PlaybackEngines/WindowsStandaloneSupport/UnityEditor.WindowsStandalone.Extensions.dll
Registered in 0.003937 seconds.
Native extension for WindowsStandalone target not found
Refreshing native plugins compatible for Editor in 28.60 ms, found 2 plugins.
Preloading 0 native plugins for Editor in 0.00 ms.
Mono: successfully reloaded assembly
- Completed reload, in  2.307 seconds
Platform modules already initialized, skipping
Registering precompiled user dll's ...
Registered in 0.007925 seconds.
Begin MonoManager ReloadAssembly
Native extension for WindowsStandalone target not found
Refreshing native plugins compatible for Editor in 0.31 ms, found 2 plugins.
Preloading 0 native plugins for Editor in 0.00 ms.
Mono: successfully reloaded assembly
- Completed reload, in  1.105 seconds
Platform modules already initialized, skipping
========================================================================
Worker process is ready to serve import requests
Launched and connected shader compiler UnityShaderCompiler.exe after 0.04 seconds
Refreshing native plugins compatible for Editor in 0.30 ms, found 2 plugins.
Preloading 0 native plugins for Editor in 0.00 ms.
Unloading 1403 Unused Serialized files (Serialized files now loaded: 0)
System memory in use before: 66.5 MB.
System memory in use after: 66.5 MB.

Unloading 19 unused Assets to reduce memory usage. Loaded Objects now: 1836.
Total: 1.972400 ms (FindLiveObjects: 0.137600 ms CreateObjectMapping: 0.042400 ms MarkObjects: 1.709800 ms  DeleteObjects: 0.081400 ms)

AssetImportParameters requested are different than current active one (requested -> active):
  requireTextureImportCompression: false -> true
  custom:framework-win-MediaFoundation: 216162199b28c13a410421893ffa2e32 -> 
  custom:video-decoder-ogg-theora: a1e56fd34408186e4bbccfd4996cb3dc -> 
  custom:container-muxer-webm: aa71ff27fc2769a1b78a27578f13a17b -> 
  custom:container-demuxer-webm: 4f35f7cbe854078d1ac9338744f61a02 -> 
  custom:container-demuxer-ogg: 62fdf1f143b41e24485cea50d1cbac27 -> 
  custom:video-encoder-webm-vp8: eb34c28f22e8b96e1ab97ce403110664 -> 
  custom:video-decoder-webm-vp8: 9c59270c3fd7afecdb556c50c9e8de78 -> 
  custom:audio-decoder-ogg-vorbis: bf7c407c2cedff20999df2af8eb42d56 -> 
  custom:audio-encoder-webm-vorbis: bf7c407c2cedff20999df2af8eb42d56 -> 
========================================================================
Received Import Request.
  path: Assets/Animations/Player/PlayerController.controller
  artifactKey: Guid(6a06de0aedf6f9e4ebfbddbadcba20e9) Importer(815301076,1909f56bfc062723c751e8b465ee728b)
Start importing Assets/Animations/Player/PlayerController.controller using Guid(6a06de0aedf6f9e4ebfbddbadcba20e9) Importer(815301076,1909f56bfc062723c751e8b465ee728b)  -> (artifact id: '23e2e53259c7806344de0e2723f1c341') in 0.092160 seconds 
  Import took 0.094520 seconds .

========================================================================
Received Import Request.
  Time since last request: 0.000220 seconds.
  path: Assets/Animations/Player/BustPlayerAvatar.mask
  artifactKey: Guid(5a34cdf2b88e32a45bace47d477d1914) Importer(815301076,1909f56bfc062723c751e8b465ee728b)
Start importing Assets/Animations/Player/BustPlayerAvatar.mask using Guid(5a34cdf2b88e32a45bace47d477d1914) Importer(815301076,1909f56bfc062723c751e8b465ee728b)  -> (artifact id: '77cccbed616b2292e274cb8091380b0c') in 0.007136 seconds 
  Import took 0.009156 seconds .

========================================================================
Received Import Request.
  Time since last request: 0.909044 seconds.
  path: Assets/Animations/Player/PlayerController.controller
  artifactKey: Guid(6a06de0aedf6f9e4ebfbddbadcba20e9) Importer(815301076,1909f56bfc062723c751e8b465ee728b)
Start importing Assets/Animations/Player/PlayerController.controller using Guid(6a06de0aedf6f9e4ebfbddbadcba20e9) Importer(815301076,1909f56bfc062723c751e8b465ee728b)  -> (artifact id: '23e2e53259c7806344de0e2723f1c341') in 0.030495 seconds 
  Import took 0.032743 seconds .

========================================================================
Received Prepare
Registering precompiled user dll's ...
Registered in 0.009882 seconds.
Begin MonoManager ReloadAssembly
Native extension for WindowsStandalone target not found
Refreshing native plugins compatible for Editor in 0.29 ms, found 2 plugins.
Preloading 0 native plugins for Editor in 0.00 ms.
Mono: successfully reloaded assembly
- Completed reload, in  1.234 seconds
Platform modules already initialized, skipping
Refreshing native plugins compatible for Editor in 0.29 ms, found 2 plugins.
Preloading 0 native plugins for Editor in 0.00 ms.
Unloading 1397 Unused Serialized files (Serialized files now loaded: 0)
System memory in use before: 66.3 MB.
System memory in use after: 66.4 MB.

Unloading 14 unused Assets to reduce memory usage. Loaded Objects now: 1838.
Total: 1.729300 ms (FindLiveObjects: 0.131800 ms CreateObjectMapping: 0.039800 ms MarkObjects: 1.509700 ms  DeleteObjects: 0.046700 ms)

AssetImportParameters requested are different than current active one (requested -> active):
  requireTextureImportCompression: false -> true
  custom:framework-win-MediaFoundation: 216162199b28c13a410421893ffa2e32 -> 
  custom:video-decoder-ogg-theora: a1e56fd34408186e4bbccfd4996cb3dc -> 
  custom:container-muxer-webm: aa71ff27fc2769a1b78a27578f13a17b -> 
  custom:container-demuxer-webm: 4f35f7cbe854078d1ac9338744f61a02 -> 
  custom:container-demuxer-ogg: 62fdf1f143b41e24485cea50d1cbac27 -> 
  custom:video-encoder-webm-vp8: eb34c28f22e8b96e1ab97ce403110664 -> 
  custom:video-decoder-webm-vp8: 9c59270c3fd7afecdb556c50c9e8de78 -> 
  custom:audio-decoder-ogg-vorbis: bf7c407c2cedff20999df2af8eb42d56 -> 
  custom:audio-encoder-webm-vorbis: bf7c407c2cedff20999df2af8eb42d56 -> 
========================================================================
Received Prepare
Registering precompiled user dll's ...
Registered in 0.005648 seconds.
Begin MonoManager ReloadAssembly
Native extension for WindowsStandalone target not found
Refreshing native plugins compatible for Editor in 0.32 ms, found 2 plugins.
Preloading 0 native plugins for Editor in 0.00 ms.
Mono: successfully reloaded assembly
- Completed reload, in  1.015 seconds
Platform modules already initialized, skipping
Refreshing native plugins compatible for Editor in 0.32 ms, found 2 plugins.
Preloading 0 native plugins for Editor in 0.00 ms.
Unloading 1397 Unused Serialized files (Serialized files now loaded: 0)
System memory in use before: 66.4 MB.
System memory in use after: 66.4 MB.

Unloading 14 unused Assets to reduce memory usage. Loaded Objects now: 1840.
Total: 2.006200 ms (FindLiveObjects: 0.146000 ms CreateObjectMapping: 0.041500 ms MarkObjects: 1.759100 ms  DeleteObjects: 0.058500 ms)

AssetImportParameters requested are different than current active one (requested -> active):
  requireTextureImportCompression: false -> true
  custom:framework-win-MediaFoundation: 216162199b28c13a410421893ffa2e32 -> 
  custom:video-decoder-ogg-theora: a1e56fd34408186e4bbccfd4996cb3dc -> 
  custom:container-muxer-webm: aa71ff27fc2769a1b78a27578f13a17b -> 
  custom:container-demuxer-webm: 4f35f7cbe854078d1ac9338744f61a02 -> 
  custom:container-demuxer-ogg: 62fdf1f143b41e24485cea50d1cbac27 -> 
  custom:video-encoder-webm-vp8: eb34c28f22e8b96e1ab97ce403110664 -> 
  custom:video-decoder-webm-vp8: 9c59270c3fd7afecdb556c50c9e8de78 -> 
  custom:audio-decoder-ogg-vorbis: bf7c407c2cedff20999df2af8eb42d56 -> 
  custom:audio-encoder-webm-vorbis: bf7c407c2cedff20999df2af8eb42d56 -> 
========================================================================
Received Import Request.
  Time since last request: 3651.339268 seconds.
  path: Assets/Animations/Player/Sheath A Great Sword 2.fbx
  artifactKey: Guid(76792833286a7b948ae53a09820f271e) Importer(815301076,1909f56bfc062723c751e8b465ee728b)
Start importing Assets/Animations/Player/Sheath A Great Sword 2.fbx using Guid(76792833286a7b948ae53a09820f271e) Importer(815301076,1909f56bfc062723c751e8b465ee728b)  -> (artifact id: 'de39ec7e7ffa0e987e087d3b1a315aee') in 0.043465 seconds 
  Import took 0.046315 seconds .

========================================================================
Received Import Request.
  Time since last request: 18.271493 seconds.
  path: Assets/Animations/Player/Sheath A Great Sword 1.fbx
  artifactKey: Guid(854a01a9a5cbdf442bea3bcbdea3f0ab) Importer(815301076,1909f56bfc062723c751e8b465ee728b)
Start importing Assets/Animations/Player/Sheath A Great Sword 1.fbx using Guid(854a01a9a5cbdf442bea3bcbdea3f0ab) Importer(815301076,1909f56bfc062723c751e8b465ee728b)  -> (artifact id: '3de60f9ef432d52ece2926547a01cab7') in 0.008215 seconds 
  Import took 0.010500 seconds .

========================================================================
Received Import Request.
  Time since last request: 6.591235 seconds.
  path: Assets/Animations/Player/Draw A Great Sword 1.fbx
  artifactKey: Guid(8b77b344ec2f7bd4881f5fe8cce1b62e) Importer(815301076,1909f56bfc062723c751e8b465ee728b)
Start importing Assets/Animations/Player/Draw A Great Sword 1.fbx using Guid(8b77b344ec2f7bd4881f5fe8cce1b62e) Importer(815301076,1909f56bfc062723c751e8b465ee728b)  -> (artifact id: 'cda2a827bf3e3ba37b959f3806ca5ce7') in 0.008066 seconds 
  Import took 0.012129 seconds .

========================================================================
Received Import Request.
  Time since last request: 2.984071 seconds.
  path: Assets/Animations/Player/Heavy Weapon Swing.fbx
  artifactKey: Guid(b55fd678f9fc0e943abfbf2609dd2f00) Importer(815301076,1909f56bfc062723c751e8b465ee728b)
Start importing Assets/Animations/Player/Heavy Weapon Swing.fbx using Guid(b55fd678f9fc0e943abfbf2609dd2f00) Importer(815301076,1909f56bfc062723c751e8b465ee728b)  -> (artifact id: 'ddaad0cb657c1996984142be39dcb732') in 0.009523 seconds 
  Import took 0.012604 seconds .

========================================================================
Received Import Request.
  Time since last request: 14.769485 seconds.
  path: Assets/Animations/Player/Draw A Great Sword 1.fbx
  artifactKey: Guid(8b77b344ec2f7bd4881f5fe8cce1b62e) Importer(815301076,1909f56bfc062723c751e8b465ee728b)
Start importing Assets/Animations/Player/Draw A Great Sword 1.fbx using Guid(8b77b344ec2f7bd4881f5fe8cce1b62e) Importer(815301076,1909f56bfc062723c751e8b465ee728b)  -> (artifact id: '0659a67f585f1b532ed01ea14599b09e') in 0.006371 seconds 
  Import took 0.009029 seconds .

========================================================================
Received Import Request.
  Time since last request: 15.745302 seconds.
  path: Assets/Animations/Player/Heavy Weapon Swing.fbx
  artifactKey: Guid(b55fd678f9fc0e943abfbf2609dd2f00) Importer(815301076,1909f56bfc062723c751e8b465ee728b)
Start importing Assets/Animations/Player/Heavy Weapon Swing.fbx using Guid(b55fd678f9fc0e943abfbf2609dd2f00) Importer(815301076,1909f56bfc062723c751e8b465ee728b)  -> (artifact id: 'c37868be8f46f193edc1ec02add4459b') in 0.008493 seconds 
  Import took 0.011077 seconds .

========================================================================
Received Import Request.
  Time since last request: 10.056918 seconds.
  path: Assets/Animations/Player/Sheath A Great Sword 1.fbx
  artifactKey: Guid(854a01a9a5cbdf442bea3bcbdea3f0ab) Importer(815301076,1909f56bfc062723c751e8b465ee728b)
Start importing Assets/Animations/Player/Sheath A Great Sword 1.fbx using Guid(854a01a9a5cbdf442bea3bcbdea3f0ab) Importer(815301076,1909f56bfc062723c751e8b465ee728b)  -> (artifact id: 'dba9267e11f2e706d6dbfd295253b1ac') in 0.007271 seconds 
  Import took 0.009755 seconds .

========================================================================
Received Import Request.
  Time since last request: 7.267339 seconds.
  path: Assets/Animations/Player/Sheath A Great Sword 2.fbx
  artifactKey: Guid(76792833286a7b948ae53a09820f271e) Importer(815301076,1909f56bfc062723c751e8b465ee728b)
Start importing Assets/Animations/Player/Sheath A Great Sword 2.fbx using Guid(76792833286a7b948ae53a09820f271e) Importer(815301076,1909f56bfc062723c751e8b465ee728b)  -> (artifact id: 'a77a6981f0afc0db419e51822a60b65c') in 0.006533 seconds 
  Import took 0.008850 seconds .

========================================================================
Received Import Request.
  Time since last request: 6.622111 seconds.
  path: Assets/Animations/Player/mixamo.com.anim
  artifactKey: Guid(9e63bb67bdabc3a48b22240e4c1382b3) Importer(815301076,1909f56bfc062723c751e8b465ee728b)
Start importing Assets/Animations/Player/mixamo.com.anim using Guid(9e63bb67bdabc3a48b22240e4c1382b3) Importer(815301076,1909f56bfc062723c751e8b465ee728b)  -> (artifact id: '7f161656ea99c001454d1383e34a8826') in 0.011170 seconds 
  Import took 0.015057 seconds .

========================================================================
Received Import Request.
  Time since last request: 6.879963 seconds.
  path: Assets/Animations/Player/DrawWeapon1.anim
  artifactKey: Guid(9e63bb67bdabc3a48b22240e4c1382b3) Importer(815301076,1909f56bfc062723c751e8b465ee728b)
Start importing Assets/Animations/Player/DrawWeapon1.anim using Guid(9e63bb67bdabc3a48b22240e4c1382b3) Importer(815301076,1909f56bfc062723c751e8b465ee728b)  -> (artifact id: '68eddacf9549d644f952d750dc9dc156') in 0.008853 seconds 
  Import took 0.012114 seconds .

========================================================================
Received Import Request.
  Time since last request: 3.769245 seconds.
  path: Assets/Animations/Player/mixamo.com.anim
  artifactKey: Guid(a4434fb6cb85d724a96690ba62b42c00) Importer(815301076,1909f56bfc062723c751e8b465ee728b)
Start importing Assets/Animations/Player/mixamo.com.anim using Guid(a4434fb6cb85d724a96690ba62b42c00) Importer(815301076,1909f56bfc062723c751e8b465ee728b)  -> (artifact id: 'fa46c68f38e48a6e188fc64f1a9d75d5') in 0.009258 seconds 
  Import took 0.011574 seconds .

========================================================================
Received Import Request.
  Time since last request: 24.496544 seconds.
  path: Assets/Animations/Player/mixamo.com.anim
  artifactKey: Guid(a4434fb6cb85d724a96690ba62b42c00) Importer(815301076,1909f56bfc062723c751e8b465ee728b)
Start importing Assets/Animations/Player/mixamo.com.anim using Guid(a4434fb6cb85d724a96690ba62b42c00) Importer(815301076,1909f56bfc062723c751e8b465ee728b)  -> (artifact id: '22912bb180920e133591331ab703b891') in 0.028519 seconds 
  Import took 0.031159 seconds .

========================================================================
Received Import Request.
  Time since last request: 6.395000 seconds.
  path: Assets/Animations/Player/WeaponSwing.anim
  artifactKey: Guid(a4434fb6cb85d724a96690ba62b42c00) Importer(815301076,1909f56bfc062723c751e8b465ee728b)
Start importing Assets/Animations/Player/WeaponSwing.anim using Guid(a4434fb6cb85d724a96690ba62b42c00) Importer(815301076,1909f56bfc062723c751e8b465ee728b)  -> (artifact id: '2aa331458bc55f39a170ec8f36e17b94') in 0.025427 seconds 
  Import took 0.028324 seconds .

========================================================================
Received Import Request.
  Time since last request: 9.882440 seconds.
  path: Assets/Animations/Player/mixamo.com.anim
  artifactKey: Guid(a7c8ce8f54df4fa49ba0b138eb2dce87) Importer(815301076,1909f56bfc062723c751e8b465ee728b)
Start importing Assets/Animations/Player/mixamo.com.anim using Guid(a7c8ce8f54df4fa49ba0b138eb2dce87) Importer(815301076,1909f56bfc062723c751e8b465ee728b)  -> (artifact id: '2eb85ee333d3fd4999686660ff4fc04d') in 0.010630 seconds 
  Import took 0.012714 seconds .

========================================================================
Received Import Request.
  Time since last request: 7.008849 seconds.
  path: Assets/Animations/Player/SheathWeapon1.anim
  artifactKey: Guid(a7c8ce8f54df4fa49ba0b138eb2dce87) Importer(815301076,1909f56bfc062723c751e8b465ee728b)
Start importing Assets/Animations/Player/SheathWeapon1.anim using Guid(a7c8ce8f54df4fa49ba0b138eb2dce87) Importer(815301076,1909f56bfc062723c751e8b465ee728b)  -> (artifact id: 'f2c10f16171660c995a1e352469daf6d') in 0.011299 seconds 
  Import took 0.013366 seconds .

========================================================================
Received Import Request.
  Time since last request: 3.638407 seconds.
  path: Assets/Animations/Player/mixamo.com.anim
  artifactKey: Guid(e8814b5929a1e9f43b4aa2798e103e4a) Importer(815301076,1909f56bfc062723c751e8b465ee728b)
Start importing Assets/Animations/Player/mixamo.com.anim using Guid(e8814b5929a1e9f43b4aa2798e103e4a) Importer(815301076,1909f56bfc062723c751e8b465ee728b)  -> (artifact id: '2eafb9d7e78f6daaf467f15e3302c653') in 0.010814 seconds 
  Import took 0.013092 seconds .

========================================================================
Received Import Request.
  Time since last request: 7.313060 seconds.
  path: Assets/Animations/Player/SheathWeapon2.anim
  artifactKey: Guid(e8814b5929a1e9f43b4aa2798e103e4a) Importer(815301076,1909f56bfc062723c751e8b465ee728b)
Start importing Assets/Animations/Player/SheathWeapon2.anim using Guid(e8814b5929a1e9f43b4aa2798e103e4a) Importer(815301076,1909f56bfc062723c751e8b465ee728b)  -> (artifact id: '396d2bc1f8e2fdfd5cac00769deda096') in 0.011464 seconds 
  Import took 0.013564 seconds .

========================================================================
Received Import Request.
  Time since last request: 7.234140 seconds.
  path: Assets/Animations/Player/Origin
  artifactKey: Guid(c4ec827a8795a5049a73f3d0bd6b1031) Importer(815301076,1909f56bfc062723c751e8b465ee728b)
Start importing Assets/Animations/Player/Origin using Guid(c4ec827a8795a5049a73f3d0bd6b1031) Importer(815301076,1909f56bfc062723c751e8b465ee728b)  -> (artifact id: 'a12b08fd6f952c9c9f73e7d4d1df5813') in 0.003390 seconds 
  Import took 0.005396 seconds .

========================================================================
Received Prepare
Registering precompiled user dll's ...
Registered in 0.005991 seconds.
Begin MonoManager ReloadAssembly
Native extension for WindowsStandalone target not found
Refreshing native plugins compatible for Editor in 0.30 ms, found 2 plugins.
Preloading 0 native plugins for Editor in 0.00 ms.
Mono: successfully reloaded assembly
- Completed reload, in  1.055 seconds
Platform modules already initialized, skipping
Refreshing native plugins compatible for Editor in 0.32 ms, found 2 plugins.
Preloading 0 native plugins for Editor in 0.00 ms.
Unloading 1397 Unused Serialized files (Serialized files now loaded: 0)
System memory in use before: 66.6 MB.
System memory in use after: 66.6 MB.

Unloading 14 unused Assets to reduce memory usage. Loaded Objects now: 1842.
Total: 2.418700 ms (FindLiveObjects: 0.215100 ms CreateObjectMapping: 0.057500 ms MarkObjects: 2.084600 ms  DeleteObjects: 0.060100 ms)

AssetImportParameters requested are different than current active one (requested -> active):
  requireTextureImportCompression: false -> true
  custom:framework-win-MediaFoundation: 216162199b28c13a410421893ffa2e32 -> 
  custom:video-decoder-ogg-theora: a1e56fd34408186e4bbccfd4996cb3dc -> 
  custom:container-muxer-webm: aa71ff27fc2769a1b78a27578f13a17b -> 
  custom:container-demuxer-webm: 4f35f7cbe854078d1ac9338744f61a02 -> 
  custom:container-demuxer-ogg: 62fdf1f143b41e24485cea50d1cbac27 -> 
  custom:video-encoder-webm-vp8: eb34c28f22e8b96e1ab97ce403110664 -> 
  custom:video-decoder-webm-vp8: 9c59270c3fd7afecdb556c50c9e8de78 -> 
  custom:audio-decoder-ogg-vorbis: bf7c407c2cedff20999df2af8eb42d56 -> 
  custom:audio-encoder-webm-vorbis: bf7c407c2cedff20999df2af8eb42d56 -> 
========================================================================
Received Import Request.
  Time since last request: 99.425543 seconds.
  path: Assets/Animations/Player/WeaponSwing.anim
  artifactKey: Guid(a4434fb6cb85d724a96690ba62b42c00) Importer(815301076,1909f56bfc062723c751e8b465ee728b)
Start importing Assets/Animations/Player/WeaponSwing.anim using Guid(a4434fb6cb85d724a96690ba62b42c00) Importer(815301076,1909f56bfc062723c751e8b465ee728b)  -> (artifact id: '50f1945d2c9ce80a6a0229c098609638') in 0.064197 seconds 
  Import took 0.066570 seconds .

========================================================================
Received Import Request.
  Time since last request: 22.238210 seconds.
  path: Assets/Animations/Player/PlayerController.controller
  artifactKey: Guid(6a06de0aedf6f9e4ebfbddbadcba20e9) Importer(815301076,1909f56bfc062723c751e8b465ee728b)
Start importing Assets/Animations/Player/PlayerController.controller using Guid(6a06de0aedf6f9e4ebfbddbadcba20e9) Importer(815301076,1909f56bfc062723c751e8b465ee728b)  -> (artifact id: '635f8eef02a1381f2f659e1a59ca1b81') in 0.082528 seconds 
  Import took 0.085276 seconds .

========================================================================
Received Prepare
Registering precompiled user dll's ...
Registered in 0.005504 seconds.
Begin MonoManager ReloadAssembly
Native extension for WindowsStandalone target not found
Refreshing native plugins compatible for Editor in 0.33 ms, found 2 plugins.
Preloading 0 native plugins for Editor in 0.00 ms.
Mono: successfully reloaded assembly
- Completed reload, in  1.016 seconds
Platform modules already initialized, skipping
Refreshing native plugins compatible for Editor in 0.30 ms, found 2 plugins.
Preloading 0 native plugins for Editor in 0.00 ms.
Unloading 1397 Unused Serialized files (Serialized files now loaded: 0)
System memory in use before: 66.6 MB.
System memory in use after: 66.7 MB.

Unloading 14 unused Assets to reduce memory usage. Loaded Objects now: 1844.
Total: 3.057500 ms (FindLiveObjects: 0.141500 ms CreateObjectMapping: 0.046900 ms MarkObjects: 2.812400 ms  DeleteObjects: 0.055400 ms)

AssetImportParameters requested are different than current active one (requested -> active):
  requireTextureImportCompression: false -> true
  custom:framework-win-MediaFoundation: 216162199b28c13a410421893ffa2e32 -> 
  custom:video-decoder-ogg-theora: a1e56fd34408186e4bbccfd4996cb3dc -> 
  custom:container-muxer-webm: aa71ff27fc2769a1b78a27578f13a17b -> 
  custom:container-demuxer-webm: 4f35f7cbe854078d1ac9338744f61a02 -> 
  custom:container-demuxer-ogg: 62fdf1f143b41e24485cea50d1cbac27 -> 
  custom:video-encoder-webm-vp8: eb34c28f22e8b96e1ab97ce403110664 -> 
  custom:video-decoder-webm-vp8: 9c59270c3fd7afecdb556c50c9e8de78 -> 
  custom:audio-decoder-ogg-vorbis: bf7c407c2cedff20999df2af8eb42d56 -> 
  custom:audio-encoder-webm-vorbis: bf7c407c2cedff20999df2af8eb42d56 -> 
========================================================================
Received Prepare
Registering precompiled user dll's ...
Registered in 0.005649 seconds.
Begin MonoManager ReloadAssembly
Native extension for WindowsStandalone target not found
Refreshing native plugins compatible for Editor in 0.46 ms, found 2 plugins.
Preloading 0 native plugins for Editor in 0.00 ms.
Mono: successfully reloaded assembly
- Completed reload, in  1.103 seconds
Platform modules already initialized, skipping
Refreshing native plugins compatible for Editor in 2.15 ms, found 2 plugins.
Preloading 0 native plugins for Editor in 0.00 ms.
Unloading 1397 Unused Serialized files (Serialized files now loaded: 0)
System memory in use before: 66.6 MB.
System memory in use after: 66.7 MB.

Unloading 14 unused Assets to reduce memory usage. Loaded Objects now: 1846.
Total: 1.931200 ms (FindLiveObjects: 0.139800 ms CreateObjectMapping: 0.066700 ms MarkObjects: 1.669500 ms  DeleteObjects: 0.054400 ms)

AssetImportParameters requested are different than current active one (requested -> active):
  requireTextureImportCompression: false -> true
  custom:framework-win-MediaFoundation: 216162199b28c13a410421893ffa2e32 -> 
  custom:video-decoder-ogg-theora: a1e56fd34408186e4bbccfd4996cb3dc -> 
  custom:container-muxer-webm: aa71ff27fc2769a1b78a27578f13a17b -> 
  custom:container-demuxer-webm: 4f35f7cbe854078d1ac9338744f61a02 -> 
  custom:container-demuxer-ogg: 62fdf1f143b41e24485cea50d1cbac27 -> 
  custom:video-encoder-webm-vp8: eb34c28f22e8b96e1ab97ce403110664 -> 
  custom:video-decoder-webm-vp8: 9c59270c3fd7afecdb556c50c9e8de78 -> 
  custom:audio-decoder-ogg-vorbis: bf7c407c2cedff20999df2af8eb42d56 -> 
  custom:audio-encoder-webm-vorbis: bf7c407c2cedff20999df2af8eb42d56 -> 
========================================================================
Received Import Request.
  Time since last request: 240.593533 seconds.
  path: Assets/Animations/Player/Origin/Great Sword Idle.fbx
  artifactKey: Guid(8609109d9b9de024c9334ef35e222a29) Importer(815301076,1909f56bfc062723c751e8b465ee728b)
Start importing Assets/Animations/Player/Origin/Great Sword Idle.fbx using Guid(8609109d9b9de024c9334ef35e222a29) Importer(815301076,1909f56bfc062723c751e8b465ee728b)  -> (artifact id: '149cefe7710557c5a480c4e93e1f2252') in 0.033497 seconds 
  Import took 0.036294 seconds .

========================================================================
Received Import Request.
  Time since last request: 5.303732 seconds.
  path: Assets/Animations/Player/Origin/Heavy Weapon Swing (1).fbx
  artifactKey: Guid(8c71417d425131449994a2576bfecd1a) Importer(815301076,1909f56bfc062723c751e8b465ee728b)
Start importing Assets/Animations/Player/Origin/Heavy Weapon Swing (1).fbx using Guid(8c71417d425131449994a2576bfecd1a) Importer(815301076,1909f56bfc062723c751e8b465ee728b)  -> (artifact id: '7e3b0da4beb11fd76bb1a5ac1e8018fe') in 0.008117 seconds 
  Import took 0.011165 seconds .

========================================================================
Received Import Request.
  Time since last request: 2.896887 seconds.
  path: Assets/Animations/Player/Origin/Heavy Weapon Swing.fbx
  artifactKey: Guid(8c71417d425131449994a2576bfecd1a) Importer(815301076,1909f56bfc062723c751e8b465ee728b)
Start importing Assets/Animations/Player/Origin/Heavy Weapon Swing.fbx using Guid(8c71417d425131449994a2576bfecd1a) Importer(815301076,1909f56bfc062723c751e8b465ee728b)  -> (artifact id: 'a8e028e12644af595022d4bf89e6b25b') in 0.006857 seconds 
  Import took 0.009423 seconds .

========================================================================
Received Import Request.
  Time since last request: 10.668538 seconds.
  path: Assets/Animations/Player/Origin/Heavy Weapon Swing.fbx
  artifactKey: Guid(8c71417d425131449994a2576bfecd1a) Importer(815301076,1909f56bfc062723c751e8b465ee728b)
Start importing Assets/Animations/Player/Origin/Heavy Weapon Swing.fbx using Guid(8c71417d425131449994a2576bfecd1a) Importer(815301076,1909f56bfc062723c751e8b465ee728b)  -> (artifact id: '8a79614b42076a0b1971ff21a27422b2') in 0.008485 seconds 
  Import took 0.011098 seconds .

========================================================================
Received Import Request.
  Time since last request: 2.986260 seconds.
  path: Assets/Animations/Player/Origin/mixamo.com.anim
  artifactKey: Guid(9f7abeca1fb102e48a1db38375e7493a) Importer(815301076,1909f56bfc062723c751e8b465ee728b)
Start importing Assets/Animations/Player/Origin/mixamo.com.anim using Guid(9f7abeca1fb102e48a1db38375e7493a) Importer(815301076,1909f56bfc062723c751e8b465ee728b)  -> (artifact id: '1875d78cade933ee1c71b61c3e1c2e0f') in 0.022397 seconds 
  Import took 0.024562 seconds .

========================================================================
Received Import Request.
  Time since last request: 5.101854 seconds.
  path: Assets/Animations/Player/Origin/SwingWeapon.anim
  artifactKey: Guid(9f7abeca1fb102e48a1db38375e7493a) Importer(815301076,1909f56bfc062723c751e8b465ee728b)
Start importing Assets/Animations/Player/Origin/SwingWeapon.anim using Guid(9f7abeca1fb102e48a1db38375e7493a) Importer(815301076,1909f56bfc062723c751e8b465ee728b)  -> (artifact id: '50c88a1a53746b941cb251f435408436') in 0.035643 seconds 
  Import took 0.047999 seconds .

========================================================================
Received Import Request.
  Time since last request: 7.506950 seconds.
  path: Assets/Animations/Player/PlayerController.controller
  artifactKey: Guid(6a06de0aedf6f9e4ebfbddbadcba20e9) Importer(815301076,1909f56bfc062723c751e8b465ee728b)
Start importing Assets/Animations/Player/PlayerController.controller using Guid(6a06de0aedf6f9e4ebfbddbadcba20e9) Importer(815301076,1909f56bfc062723c751e8b465ee728b)  -> (artifact id: '6ff011a609e3c928170e06eaf0d60fa4') in 0.032798 seconds 
  Import took 0.035138 seconds .

========================================================================
Received Import Request.
  Time since last request: 467.143757 seconds.
  path: Assets/Scripts/HJ/PlayerStats.cs
  artifactKey: Guid(cba9be32f6b26e1419e7e5d32bd87953) Importer(815301076,1909f56bfc062723c751e8b465ee728b)
Start importing Assets/Scripts/HJ/PlayerStats.cs using Guid(cba9be32f6b26e1419e7e5d32bd87953) Importer(815301076,1909f56bfc062723c751e8b465ee728b)  -> (artifact id: '9399822ec8cf6728b882bc10a4125410') in 0.007996 seconds 
  Import took 0.010726 seconds .

========================================================================
Received Import Request.
  Time since last request: 0.190865 seconds.
  path: Assets/Scripts/HJ/PlayerStats.cs
  artifactKey: Guid(cba9be32f6b26e1419e7e5d32bd87953) Importer(815301076,1909f56bfc062723c751e8b465ee728b)
Start importing Assets/Scripts/HJ/PlayerStats.cs using Guid(cba9be32f6b26e1419e7e5d32bd87953) Importer(815301076,1909f56bfc062723c751e8b465ee728b)  -> (artifact id: '9399822ec8cf6728b882bc10a4125410') in 0.003058 seconds 
  Import took 0.005287 seconds .

========================================================================
Received Prepare
Registering precompiled user dll's ...
Registered in 0.005885 seconds.
Begin MonoManager ReloadAssembly
Native extension for WindowsStandalone target not found
Refreshing native plugins compatible for Editor in 0.30 ms, found 2 plugins.
Preloading 0 native plugins for Editor in 0.00 ms.
Mono: successfully reloaded assembly
- Completed reload, in  1.068 seconds
Platform modules already initialized, skipping
Refreshing native plugins compatible for Editor in 0.33 ms, found 2 plugins.
Preloading 0 native plugins for Editor in 0.00 ms.
Unloading 1397 Unused Serialized files (Serialized files now loaded: 0)
System memory in use before: 66.6 MB.
System memory in use after: 66.7 MB.

Unloading 14 unused Assets to reduce memory usage. Loaded Objects now: 1848.
Total: 3.481400 ms (FindLiveObjects: 0.149600 ms CreateObjectMapping: 0.041500 ms MarkObjects: 3.227700 ms  DeleteObjects: 0.061100 ms)

AssetImportParameters requested are different than current active one (requested -> active):
  requireTextureImportCompression: false -> true
  custom:framework-win-MediaFoundation: 216162199b28c13a410421893ffa2e32 -> 
  custom:video-decoder-ogg-theora: a1e56fd34408186e4bbccfd4996cb3dc -> 
  custom:container-muxer-webm: aa71ff27fc2769a1b78a27578f13a17b -> 
  custom:container-demuxer-webm: 4f35f7cbe854078d1ac9338744f61a02 -> 
  custom:container-demuxer-ogg: 62fdf1f143b41e24485cea50d1cbac27 -> 
  custom:video-encoder-webm-vp8: eb34c28f22e8b96e1ab97ce403110664 -> 
  custom:video-decoder-webm-vp8: 9c59270c3fd7afecdb556c50c9e8de78 -> 
  custom:audio-decoder-ogg-vorbis: bf7c407c2cedff20999df2af8eb42d56 -> 
  custom:audio-encoder-webm-vorbis: bf7c407c2cedff20999df2af8eb42d56 -> 
========================================================================
Received Import Request.
  Time since last request: 102.707304 seconds.
  path: Assets/Scripts/HJ/PlayerMove.cs
  artifactKey: Guid(558b132174031b549ade76e4de96d7d9) Importer(815301076,1909f56bfc062723c751e8b465ee728b)
Start importing Assets/Scripts/HJ/PlayerMove.cs using Guid(558b132174031b549ade76e4de96d7d9) Importer(815301076,1909f56bfc062723c751e8b465ee728b)  -> (artifact id: 'aad9d1ef7d593318f88fc75a52a228d9') in 0.007015 seconds 
  Import took 0.009402 seconds .

========================================================================
Received Import Request.
  Time since last request: 169.493960 seconds.
  path: Assets/Animations/Player/Origin/Golf Drive.fbx
  artifactKey: Guid(f77c5f455993dcf43ba7b051e70d92e4) Importer(815301076,1909f56bfc062723c751e8b465ee728b)
Start importing Assets/Animations/Player/Origin/Golf Drive.fbx using Guid(f77c5f455993dcf43ba7b051e70d92e4) Importer(815301076,1909f56bfc062723c751e8b465ee728b)  -> (artifact id: '8b0e02e8059416fb4ed5cdce100ab138') in 0.029991 seconds 
  Import took 0.032752 seconds .

========================================================================
Received Import Request.
  Time since last request: 7.747715 seconds.
  path: Assets/Animations/Player/Origin/Golf Drive.fbx
  artifactKey: Guid(f77c5f455993dcf43ba7b051e70d92e4) Importer(815301076,1909f56bfc062723c751e8b465ee728b)
Start importing Assets/Animations/Player/Origin/Golf Drive.fbx using Guid(f77c5f455993dcf43ba7b051e70d92e4) Importer(815301076,1909f56bfc062723c751e8b465ee728b)  -> (artifact id: 'ac3abc69d7f5dee52b50e9f126ac62b0') in 0.007130 seconds 
  Import took 0.009677 seconds .

========================================================================
Received Import Request.
  Time since last request: 5.388968 seconds.
  path: Assets/Animations/Player/Origin/mixamo.com.anim
  artifactKey: Guid(e9156c42fb76d5142952a67071b4b3db) Importer(815301076,1909f56bfc062723c751e8b465ee728b)
Start importing Assets/Animations/Player/Origin/mixamo.com.anim using Guid(e9156c42fb76d5142952a67071b4b3db) Importer(815301076,1909f56bfc062723c751e8b465ee728b)  -> (artifact id: 'ca3519dd6c74473893f89621ac145c2b') in 0.023362 seconds 
  Import took 0.027676 seconds .

========================================================================
Received Import Request.
  Time since last request: 7.233517 seconds.
  path: Assets/Animations/Player/Origin/SwingWeapon2.anim
  artifactKey: Guid(e9156c42fb76d5142952a67071b4b3db) Importer(815301076,1909f56bfc062723c751e8b465ee728b)
Start importing Assets/Animations/Player/Origin/SwingWeapon2.anim using Guid(e9156c42fb76d5142952a67071b4b3db) Importer(815301076,1909f56bfc062723c751e8b465ee728b)  -> (artifact id: '53f193d6df6d33878c5edb41850d183e') in 0.021271 seconds 
  Import took 0.026520 seconds .

========================================================================
Received Prepare
Registering precompiled user dll's ...
Registered in 0.005943 seconds.
Begin MonoManager ReloadAssembly
Native extension for WindowsStandalone target not found
Refreshing native plugins compatible for Editor in 0.40 ms, found 2 plugins.
Preloading 0 native plugins for Editor in 0.00 ms.
Mono: successfully reloaded assembly
- Completed reload, in  1.225 seconds
Platform modules already initialized, skipping
Refreshing native plugins compatible for Editor in 0.35 ms, found 2 plugins.
Preloading 0 native plugins for Editor in 0.00 ms.
Unloading 1397 Unused Serialized files (Serialized files now loaded: 0)
System memory in use before: 66.6 MB.
System memory in use after: 66.7 MB.

Unloading 14 unused Assets to reduce memory usage. Loaded Objects now: 1850.
Total: 2.326100 ms (FindLiveObjects: 0.349500 ms CreateObjectMapping: 0.063900 ms MarkObjects: 1.846600 ms  DeleteObjects: 0.063700 ms)

AssetImportParameters requested are different than current active one (requested -> active):
  requireTextureImportCompression: false -> true
  custom:framework-win-MediaFoundation: 216162199b28c13a410421893ffa2e32 -> 
  custom:video-decoder-ogg-theora: a1e56fd34408186e4bbccfd4996cb3dc -> 
  custom:container-muxer-webm: aa71ff27fc2769a1b78a27578f13a17b -> 
  custom:container-demuxer-webm: 4f35f7cbe854078d1ac9338744f61a02 -> 
  custom:container-demuxer-ogg: 62fdf1f143b41e24485cea50d1cbac27 -> 
  custom:video-encoder-webm-vp8: eb34c28f22e8b96e1ab97ce403110664 -> 
  custom:video-decoder-webm-vp8: 9c59270c3fd7afecdb556c50c9e8de78 -> 
  custom:audio-decoder-ogg-vorbis: bf7c407c2cedff20999df2af8eb42d56 -> 
  custom:audio-encoder-webm-vorbis: bf7c407c2cedff20999df2af8eb42d56 -> 
========================================================================
Received Prepare
Registering precompiled user dll's ...
Registered in 0.005964 seconds.
Begin MonoManager ReloadAssembly
Native extension for WindowsStandalone target not found
Refreshing native plugins compatible for Editor in 0.34 ms, found 2 plugins.
Preloading 0 native plugins for Editor in 0.00 ms.
Mono: successfully reloaded assembly
- Completed reload, in  1.020 seconds
Platform modules already initialized, skipping
Refreshing native plugins compatible for Editor in 0.33 ms, found 2 plugins.
Preloading 0 native plugins for Editor in 0.00 ms.
Unloading 1397 Unused Serialized files (Serialized files now loaded: 0)
System memory in use before: 66.7 MB.
System memory in use after: 66.7 MB.

Unloading 14 unused Assets to reduce memory usage. Loaded Objects now: 1852.
Total: 1.984200 ms (FindLiveObjects: 0.149700 ms CreateObjectMapping: 0.046000 ms MarkObjects: 1.732500 ms  DeleteObjects: 0.054700 ms)

AssetImportParameters requested are different than current active one (requested -> active):
  requireTextureImportCompression: false -> true
  custom:framework-win-MediaFoundation: 216162199b28c13a410421893ffa2e32 -> 
  custom:video-decoder-ogg-theora: a1e56fd34408186e4bbccfd4996cb3dc -> 
  custom:container-muxer-webm: aa71ff27fc2769a1b78a27578f13a17b -> 
  custom:container-demuxer-webm: 4f35f7cbe854078d1ac9338744f61a02 -> 
  custom:container-demuxer-ogg: 62fdf1f143b41e24485cea50d1cbac27 -> 
  custom:video-encoder-webm-vp8: eb34c28f22e8b96e1ab97ce403110664 -> 
  custom:video-decoder-webm-vp8: 9c59270c3fd7afecdb556c50c9e8de78 -> 
  custom:audio-decoder-ogg-vorbis: bf7c407c2cedff20999df2af8eb42d56 -> 
  custom:audio-encoder-webm-vorbis: bf7c407c2cedff20999df2af8eb42d56 -> 
========================================================================
Received Prepare
Registering precompiled user dll's ...
Registered in 0.005476 seconds.
Begin MonoManager ReloadAssembly
Native extension for WindowsStandalone target not found
Refreshing native plugins compatible for Editor in 0.30 ms, found 2 plugins.
Preloading 0 native plugins for Editor in 0.00 ms.
Mono: successfully reloaded assembly
- Completed reload, in  1.032 seconds
Platform modules already initialized, skipping
Refreshing native plugins compatible for Editor in 0.30 ms, found 2 plugins.
Preloading 0 native plugins for Editor in 0.00 ms.
Unloading 1397 Unused Serialized files (Serialized files now loaded: 0)
System memory in use before: 66.7 MB.
System memory in use after: 66.7 MB.

Unloading 14 unused Assets to reduce memory usage. Loaded Objects now: 1854.
Total: 2.556800 ms (FindLiveObjects: 0.150200 ms CreateObjectMapping: 0.047800 ms MarkObjects: 2.301100 ms  DeleteObjects: 0.055900 ms)

AssetImportParameters requested are different than current active one (requested -> active):
  requireTextureImportCompression: false -> true
  custom:framework-win-MediaFoundation: 216162199b28c13a410421893ffa2e32 -> 
  custom:video-decoder-ogg-theora: a1e56fd34408186e4bbccfd4996cb3dc -> 
  custom:container-muxer-webm: aa71ff27fc2769a1b78a27578f13a17b -> 
  custom:container-demuxer-webm: 4f35f7cbe854078d1ac9338744f61a02 -> 
  custom:container-demuxer-ogg: 62fdf1f143b41e24485cea50d1cbac27 -> 
  custom:video-encoder-webm-vp8: eb34c28f22e8b96e1ab97ce403110664 -> 
  custom:video-decoder-webm-vp8: 9c59270c3fd7afecdb556c50c9e8de78 -> 
  custom:audio-decoder-ogg-vorbis: bf7c407c2cedff20999df2af8eb42d56 -> 
  custom:audio-encoder-webm-vorbis: bf7c407c2cedff20999df2af8eb42d56 -> 
========================================================================
Received Prepare
Registering precompiled user dll's ...
Registered in 0.006558 seconds.
Begin MonoManager ReloadAssembly
Native extension for WindowsStandalone target not found
Refreshing native plugins compatible for Editor in 0.34 ms, found 2 plugins.
Preloading 0 native plugins for Editor in 0.00 ms.
Mono: successfully reloaded assembly
- Completed reload, in  1.013 seconds
Platform modules already initialized, skipping
Refreshing native plugins compatible for Editor in 0.30 ms, found 2 plugins.
Preloading 0 native plugins for Editor in 0.00 ms.
Unloading 1397 Unused Serialized files (Serialized files now loaded: 0)
System memory in use before: 66.7 MB.
System memory in use after: 66.7 MB.

Unloading 14 unused Assets to reduce memory usage. Loaded Objects now: 1856.
Total: 4.061900 ms (FindLiveObjects: 1.048300 ms CreateObjectMapping: 0.141100 ms MarkObjects: 2.815300 ms  DeleteObjects: 0.056100 ms)

AssetImportParameters requested are different than current active one (requested -> active):
  requireTextureImportCompression: false -> true
  custom:framework-win-MediaFoundation: 216162199b28c13a410421893ffa2e32 -> 
  custom:video-decoder-ogg-theora: a1e56fd34408186e4bbccfd4996cb3dc -> 
  custom:container-muxer-webm: aa71ff27fc2769a1b78a27578f13a17b -> 
  custom:container-demuxer-webm: 4f35f7cbe854078d1ac9338744f61a02 -> 
  custom:container-demuxer-ogg: 62fdf1f143b41e24485cea50d1cbac27 -> 
  custom:video-encoder-webm-vp8: eb34c28f22e8b96e1ab97ce403110664 -> 
  custom:video-decoder-webm-vp8: 9c59270c3fd7afecdb556c50c9e8de78 -> 
  custom:audio-decoder-ogg-vorbis: bf7c407c2cedff20999df2af8eb42d56 -> 
  custom:audio-encoder-webm-vorbis: bf7c407c2cedff20999df2af8eb42d56 -> 
========================================================================
Received Import Request.
  Time since last request: 394.280619 seconds.
  path: Assets/Animations/Player/SwingWeapon.anim
  artifactKey: Guid(9f7abeca1fb102e48a1db38375e7493a) Importer(815301076,1909f56bfc062723c751e8b465ee728b)
Start importing Assets/Animations/Player/SwingWeapon.anim using Guid(9f7abeca1fb102e48a1db38375e7493a) Importer(815301076,1909f56bfc062723c751e8b465ee728b)  -> (artifact id: '44a5dec9706e340fda6ba40b8db7f4e1') in 0.042971 seconds 
  Import took 0.048989 seconds .

========================================================================
Received Import Request.
  Time since last request: 74.394226 seconds.
  path: Assets/Animations/Player/PlayerController.controller
  artifactKey: Guid(6a06de0aedf6f9e4ebfbddbadcba20e9) Importer(815301076,1909f56bfc062723c751e8b465ee728b)
Start importing Assets/Animations/Player/PlayerController.controller using Guid(6a06de0aedf6f9e4ebfbddbadcba20e9) Importer(815301076,1909f56bfc062723c751e8b465ee728b)  -> (artifact id: '9ab9c13e435ec6871fb474fda5c5663b') in 0.072573 seconds 
  Import took 0.075069 seconds .

========================================================================
Received Prepare
Registering precompiled user dll's ...
Registered in 0.005626 seconds.
Begin MonoManager ReloadAssembly
Native extension for WindowsStandalone target not found
Refreshing native plugins compatible for Editor in 0.29 ms, found 2 plugins.
Preloading 0 native plugins for Editor in 0.00 ms.
Mono: successfully reloaded assembly
- Completed reload, in  1.002 seconds
Platform modules already initialized, skipping
Refreshing native plugins compatible for Editor in 0.37 ms, found 2 plugins.
Preloading 0 native plugins for Editor in 0.00 ms.
Unloading 1397 Unused Serialized files (Serialized files now loaded: 0)
System memory in use before: 66.7 MB.
System memory in use after: 66.7 MB.

Unloading 14 unused Assets to reduce memory usage. Loaded Objects now: 1858.
Total: 2.160800 ms (FindLiveObjects: 0.148800 ms CreateObjectMapping: 0.063000 ms MarkObjects: 1.888500 ms  DeleteObjects: 0.059700 ms)

AssetImportParameters requested are different than current active one (requested -> active):
  requireTextureImportCompression: false -> true
  custom:framework-win-MediaFoundation: 216162199b28c13a410421893ffa2e32 -> 
  custom:video-decoder-ogg-theora: a1e56fd34408186e4bbccfd4996cb3dc -> 
  custom:container-muxer-webm: aa71ff27fc2769a1b78a27578f13a17b -> 
  custom:container-demuxer-webm: 4f35f7cbe854078d1ac9338744f61a02 -> 
  custom:container-demuxer-ogg: 62fdf1f143b41e24485cea50d1cbac27 -> 
  custom:video-encoder-webm-vp8: eb34c28f22e8b96e1ab97ce403110664 -> 
  custom:video-decoder-webm-vp8: 9c59270c3fd7afecdb556c50c9e8de78 -> 
  custom:audio-decoder-ogg-vorbis: bf7c407c2cedff20999df2af8eb42d56 -> 
  custom:audio-encoder-webm-vorbis: bf7c407c2cedff20999df2af8eb42d56 -> 
========================================================================
Received Prepare
Registering precompiled user dll's ...
Registered in 0.006615 seconds.
Begin MonoManager ReloadAssembly
Native extension for WindowsStandalone target not found
Refreshing native plugins compatible for Editor in 0.29 ms, found 2 plugins.
Preloading 0 native plugins for Editor in 0.00 ms.
Mono: successfully reloaded assembly
- Completed reload, in  1.000 seconds
Platform modules already initialized, skipping
Refreshing native plugins compatible for Editor in 0.35 ms, found 2 plugins.
Preloading 0 native plugins for Editor in 0.00 ms.
Unloading 1397 Unused Serialized files (Serialized files now loaded: 0)
System memory in use before: 66.7 MB.
System memory in use after: 66.8 MB.

Unloading 14 unused Assets to reduce memory usage. Loaded Objects now: 1860.
Total: 2.099300 ms (FindLiveObjects: 0.157300 ms CreateObjectMapping: 0.052400 ms MarkObjects: 1.830300 ms  DeleteObjects: 0.058000 ms)

AssetImportParameters requested are different than current active one (requested -> active):
  requireTextureImportCompression: false -> true
  custom:framework-win-MediaFoundation: 216162199b28c13a410421893ffa2e32 -> 
  custom:video-decoder-ogg-theora: a1e56fd34408186e4bbccfd4996cb3dc -> 
  custom:container-muxer-webm: aa71ff27fc2769a1b78a27578f13a17b -> 
  custom:container-demuxer-webm: 4f35f7cbe854078d1ac9338744f61a02 -> 
  custom:container-demuxer-ogg: 62fdf1f143b41e24485cea50d1cbac27 -> 
  custom:video-encoder-webm-vp8: eb34c28f22e8b96e1ab97ce403110664 -> 
  custom:video-decoder-webm-vp8: 9c59270c3fd7afecdb556c50c9e8de78 -> 
  custom:audio-decoder-ogg-vorbis: bf7c407c2cedff20999df2af8eb42d56 -> 
  custom:audio-encoder-webm-vorbis: bf7c407c2cedff20999df2af8eb42d56 -> 
========================================================================
Received Prepare
Registering precompiled user dll's ...
Registered in 0.005452 seconds.
Begin MonoManager ReloadAssembly
Native extension for WindowsStandalone target not found
Refreshing native plugins compatible for Editor in 0.37 ms, found 2 plugins.
Preloading 0 native plugins for Editor in 0.00 ms.
Mono: successfully reloaded assembly
- Completed reload, in  1.013 seconds
Platform modules already initialized, skipping
Refreshing native plugins compatible for Editor in 0.32 ms, found 2 plugins.
Preloading 0 native plugins for Editor in 0.00 ms.
Unloading 1397 Unused Serialized files (Serialized files now loaded: 0)
System memory in use before: 66.7 MB.
System memory in use after: 66.8 MB.

Unloading 14 unused Assets to reduce memory usage. Loaded Objects now: 1862.
Total: 2.165900 ms (FindLiveObjects: 0.164600 ms CreateObjectMapping: 0.058000 ms MarkObjects: 1.883800 ms  DeleteObjects: 0.058400 ms)

AssetImportParameters requested are different than current active one (requested -> active):
  requireTextureImportCompression: false -> true
  custom:framework-win-MediaFoundation: 216162199b28c13a410421893ffa2e32 -> 
  custom:video-decoder-ogg-theora: a1e56fd34408186e4bbccfd4996cb3dc -> 
  custom:container-muxer-webm: aa71ff27fc2769a1b78a27578f13a17b -> 
  custom:container-demuxer-webm: 4f35f7cbe854078d1ac9338744f61a02 -> 
  custom:container-demuxer-ogg: 62fdf1f143b41e24485cea50d1cbac27 -> 
  custom:video-encoder-webm-vp8: eb34c28f22e8b96e1ab97ce403110664 -> 
  custom:video-decoder-webm-vp8: 9c59270c3fd7afecdb556c50c9e8de78 -> 
  custom:audio-decoder-ogg-vorbis: bf7c407c2cedff20999df2af8eb42d56 -> 
  custom:audio-encoder-webm-vorbis: bf7c407c2cedff20999df2af8eb42d56 -> 
========================================================================
Received Prepare
Registering precompiled user dll's ...
Registered in 0.005744 seconds.
Begin MonoManager ReloadAssembly
Native extension for WindowsStandalone target not found
Refreshing native plugins compatible for Editor in 0.30 ms, found 2 plugins.
Preloading 0 native plugins for Editor in 0.00 ms.
Mono: successfully reloaded assembly
- Completed reload, in  1.029 seconds
Platform modules already initialized, skipping
Refreshing native plugins compatible for Editor in 0.93 ms, found 2 plugins.
Preloading 0 native plugins for Editor in 0.00 ms.
Unloading 1397 Unused Serialized files (Serialized files now loaded: 0)
System memory in use before: 66.7 MB.
System memory in use after: 66.7 MB.

Unloading 14 unused Assets to reduce memory usage. Loaded Objects now: 1864.
Total: 1.986600 ms (FindLiveObjects: 0.145500 ms CreateObjectMapping: 0.042200 ms MarkObjects: 1.743300 ms  DeleteObjects: 0.054300 ms)

AssetImportParameters requested are different than current active one (requested -> active):
  requireTextureImportCompression: false -> true
  custom:framework-win-MediaFoundation: 216162199b28c13a410421893ffa2e32 -> 
  custom:video-decoder-ogg-theora: a1e56fd34408186e4bbccfd4996cb3dc -> 
  custom:container-muxer-webm: aa71ff27fc2769a1b78a27578f13a17b -> 
  custom:container-demuxer-webm: 4f35f7cbe854078d1ac9338744f61a02 -> 
  custom:container-demuxer-ogg: 62fdf1f143b41e24485cea50d1cbac27 -> 
  custom:video-encoder-webm-vp8: eb34c28f22e8b96e1ab97ce403110664 -> 
  custom:video-decoder-webm-vp8: 9c59270c3fd7afecdb556c50c9e8de78 -> 
  custom:audio-decoder-ogg-vorbis: bf7c407c2cedff20999df2af8eb42d56 -> 
  custom:audio-encoder-webm-vorbis: bf7c407c2cedff20999df2af8eb42d56 -> 
========================================================================
Received Prepare
Registering precompiled user dll's ...
Registered in 0.005846 seconds.
Begin MonoManager ReloadAssembly
Native extension for WindowsStandalone target not found
Refreshing native plugins compatible for Editor in 0.29 ms, found 2 plugins.
Preloading 0 native plugins for Editor in 0.00 ms.
Mono: successfully reloaded assembly
- Completed reload, in  1.033 seconds
Platform modules already initialized, skipping
Refreshing native plugins compatible for Editor in 0.39 ms, found 2 plugins.
Preloading 0 native plugins for Editor in 0.00 ms.
Unloading 1397 Unused Serialized files (Serialized files now loaded: 0)
System memory in use before: 66.7 MB.
System memory in use after: 66.7 MB.

Unloading 14 unused Assets to reduce memory usage. Loaded Objects now: 1866.
Total: 2.998300 ms (FindLiveObjects: 0.208700 ms CreateObjectMapping: 0.059600 ms MarkObjects: 2.434100 ms  DeleteObjects: 0.294200 ms)

AssetImportParameters requested are different than current active one (requested -> active):
  requireTextureImportCompression: false -> true
  custom:framework-win-MediaFoundation: 216162199b28c13a410421893ffa2e32 -> 
  custom:video-decoder-ogg-theora: a1e56fd34408186e4bbccfd4996cb3dc -> 
  custom:container-muxer-webm: aa71ff27fc2769a1b78a27578f13a17b -> 
  custom:container-demuxer-webm: 4f35f7cbe854078d1ac9338744f61a02 -> 
  custom:container-demuxer-ogg: 62fdf1f143b41e24485cea50d1cbac27 -> 
  custom:video-encoder-webm-vp8: eb34c28f22e8b96e1ab97ce403110664 -> 
  custom:video-decoder-webm-vp8: 9c59270c3fd7afecdb556c50c9e8de78 -> 
  custom:audio-decoder-ogg-vorbis: bf7c407c2cedff20999df2af8eb42d56 -> 
  custom:audio-encoder-webm-vorbis: bf7c407c2cedff20999df2af8eb42d56 -> 
========================================================================
Received Prepare
Registering precompiled user dll's ...
Registered in 0.006227 seconds.
Begin MonoManager ReloadAssembly
Native extension for WindowsStandalone target not found
Refreshing native plugins compatible for Editor in 0.30 ms, found 2 plugins.
Preloading 0 native plugins for Editor in 0.00 ms.
Mono: successfully reloaded assembly
- Completed reload, in  1.060 seconds
Platform modules already initialized, skipping
Refreshing native plugins compatible for Editor in 0.35 ms, found 2 plugins.
Preloading 0 native plugins for Editor in 0.00 ms.
Unloading 1397 Unused Serialized files (Serialized files now loaded: 0)
System memory in use before: 66.7 MB.
System memory in use after: 66.8 MB.

Unloading 14 unused Assets to reduce memory usage. Loaded Objects now: 1868.
Total: 1.956800 ms (FindLiveObjects: 0.133800 ms CreateObjectMapping: 0.043100 ms MarkObjects: 1.724600 ms  DeleteObjects: 0.053800 ms)

AssetImportParameters requested are different than current active one (requested -> active):
  requireTextureImportCompression: false -> true
  custom:framework-win-MediaFoundation: 216162199b28c13a410421893ffa2e32 -> 
  custom:video-decoder-ogg-theora: a1e56fd34408186e4bbccfd4996cb3dc -> 
  custom:container-muxer-webm: aa71ff27fc2769a1b78a27578f13a17b -> 
  custom:container-demuxer-webm: 4f35f7cbe854078d1ac9338744f61a02 -> 
  custom:container-demuxer-ogg: 62fdf1f143b41e24485cea50d1cbac27 -> 
  custom:video-encoder-webm-vp8: eb34c28f22e8b96e1ab97ce403110664 -> 
  custom:video-decoder-webm-vp8: 9c59270c3fd7afecdb556c50c9e8de78 -> 
  custom:audio-decoder-ogg-vorbis: bf7c407c2cedff20999df2af8eb42d56 -> 
  custom:audio-encoder-webm-vorbis: bf7c407c2cedff20999df2af8eb42d56 -> 
========================================================================
Received Import Request.
  Time since last request: 2391.774163 seconds.
  path: Assets/Animations/Player/PlayerController.controller
  artifactKey: Guid(6a06de0aedf6f9e4ebfbddbadcba20e9) Importer(815301076,1909f56bfc062723c751e8b465ee728b)
Start importing Assets/Animations/Player/PlayerController.controller using Guid(6a06de0aedf6f9e4ebfbddbadcba20e9) Importer(815301076,1909f56bfc062723c751e8b465ee728b)  -> (artifact id: 'cac86a81b6fd8521c1abc5441c326a81') in 0.090115 seconds 
  Import took 0.092726 seconds .

========================================================================
Received Prepare
Registering precompiled user dll's ...
Registered in 0.005999 seconds.
Begin MonoManager ReloadAssembly
Native extension for WindowsStandalone target not found
Refreshing native plugins compatible for Editor in 0.31 ms, found 2 plugins.
Preloading 0 native plugins for Editor in 0.00 ms.
Mono: successfully reloaded assembly
- Completed reload, in  1.027 seconds
Platform modules already initialized, skipping
Refreshing native plugins compatible for Editor in 0.33 ms, found 2 plugins.
Preloading 0 native plugins for Editor in 0.00 ms.
Unloading 1397 Unused Serialized files (Serialized files now loaded: 0)
System memory in use before: 66.7 MB.
System memory in use after: 66.8 MB.

Unloading 14 unused Assets to reduce memory usage. Loaded Objects now: 1870.
Total: 2.276600 ms (FindLiveObjects: 0.166900 ms CreateObjectMapping: 0.049700 ms MarkObjects: 2.005800 ms  DeleteObjects: 0.052600 ms)

AssetImportParameters requested are different than current active one (requested -> active):
  requireTextureImportCompression: false -> true
  custom:framework-win-MediaFoundation: 216162199b28c13a410421893ffa2e32 -> 
  custom:video-decoder-ogg-theora: a1e56fd34408186e4bbccfd4996cb3dc -> 
  custom:container-muxer-webm: aa71ff27fc2769a1b78a27578f13a17b -> 
  custom:container-demuxer-webm: 4f35f7cbe854078d1ac9338744f61a02 -> 
  custom:container-demuxer-ogg: 62fdf1f143b41e24485cea50d1cbac27 -> 
  custom:video-encoder-webm-vp8: eb34c28f22e8b96e1ab97ce403110664 -> 
  custom:video-decoder-webm-vp8: 9c59270c3fd7afecdb556c50c9e8de78 -> 
  custom:audio-decoder-ogg-vorbis: bf7c407c2cedff20999df2af8eb42d56 -> 
  custom:audio-encoder-webm-vorbis: bf7c407c2cedff20999df2af8eb42d56 -> 
========================================================================
Received Import Request.
  Time since last request: 57.906963 seconds.
  path: Assets/Animations/Player/PlayerController.controller
  artifactKey: Guid(6a06de0aedf6f9e4ebfbddbadcba20e9) Importer(815301076,1909f56bfc062723c751e8b465ee728b)
Start importing Assets/Animations/Player/PlayerController.controller using Guid(6a06de0aedf6f9e4ebfbddbadcba20e9) Importer(815301076,1909f56bfc062723c751e8b465ee728b)  -> (artifact id: '1ad201f429b648b563c01d922939ad2d') in 0.075160 seconds 
  Import took 0.079359 seconds .

AssetImportWorkerClient::OnTransportError - code=2 error=End of file
